<?xml version="1.1" encoding="UTF-8"?>
<testsuite name="com.febs.auth.core.service.UserServiceTest" tests="2" failures="0" errors="0" timestamp="1970-01-01T00:00:00" hostname="Mark-PC" time="1.369465447303E9">
  <properties/>
  <testcase name="testAttachDirty" classname="com.febs.auth.core.service.UserServiceTest" time="1.657"/>
  <testcase name="test" classname="com.febs.auth.core.service.UserServiceTest" time="0.0"/>
  <system-out><![CDATA[Hibernate: 
    insert 
    into
        auth_user
        (CREATE_TIME, CREATER, DELETE_FLAG, DELETE_TIME, DELETER, MODIFIER, MODIFY_TIME, email, nick_name, password, username, ID) 
    values
        (?, ?, ?, ?, ?, ?, ?, ?, ?, ?, ?, ?)
]]></system-out>
  <system-err><![CDATA[]]></system-err>
</testsuite>
